# JRE version: OpenJDK Runtime Environment Temurin-21.0.11+10 (21.0.11+10) (build 21.0.11+10-LTS)
# Java VM: OpenJDK 64-Bit Server VM Temurin-21.0.11+10 (21.0.11+10-LTS, mixed mode, sharing, tiered, compressed oops, compressed class ptrs, parallel gc, windows-amd64)
GC Precious Log:
 CardTable entry size: 512
 CPUs: 8 total, 8 available
 Memory: 8014M
 Large Page Support: Disabled
 NUMA Support: Disabled
 Compressed Oops: Enabled (32-bit)
 Alignments: Space 512K, Generation 512K, Heap 2M
 Heap Min Capacity: 100M
 Heap Initial Capacity: 100M
 Heap Max Capacity: 2G
 Pre-touch: Disabled
 Parallel Workers: 8
Heap:
 PSYoungGen      total 7680K, used 6896K [0x00000000d5580000, 0x00000000d6400000, 0x0000000100000000)
  eden space 7168K, 89% used [0x00000000d5580000,0x00000000d5bc45f0,0x00000000d5c80000)
  from space 512K, 93% used [0x00000000d6380000,0x00000000d63f7c10,0x00000000d6400000)
  to   space 2560K, 0% used [0x00000000d5f00000,0x00000000d5f00000,0x00000000d6180000)
 ParOldGen       total 913920K, used 395721K [0x0000000080000000, 0x00000000b7c80000, 0x00000000d5580000)
  object space 913920K, 43% used [0x0000000080000000,0x0000000098272778,0x00000000b7c80000)
 Metaspace       used 90621K, committed 92672K, reserved 1179648K
  class space    used 9988K, committed 10944K, reserved 1048576K
GC Heap History (20 events):
Event: 2630.772 GC heap before
{Heap before GC invocations=2332 (full 5):
 PSYoungGen      total 6144K, used 5728K [0x00000000d5580000, 0x00000000d6080000, 0x0000000100000000)
  eden space 3072K, 100% used [0x00000000d5580000,0x00000000d5880000,0x00000000d5880000)
  from space 3072K, 86% used [0x00000000d5d80000,0x00000000d6018000,0x00000000d6080000)
  to   space 3584K, 0% used [0x00000000d5980000,0x00000000d5980000,0x00000000d5d00000)
 ParOldGen       total 913920K, used 352466K [0x0000000080000000, 0x00000000b7c80000, 0x00000000d5580000)
  object space 913920K, 38% used [0x0000000080000000,0x00000000958349c8,0x00000000b7c80000)
 Metaspace       used 90607K, committed 92672K, reserved 1179648K
  class space    used 9988K, committed 10944K, reserved 1048576K
}
Event: 2630.790 GC heap after
{Heap after GC invocations=2332 (full 5):
 PSYoungGen      total 7680K, used 3168K [0x00000000d5580000, 0x00000000d6080000, 0x0000000100000000)
  eden space 4096K, 0% used [0x00000000d5580000,0x00000000d5580000,0x00000000d5980000)
  from space 3584K, 88% used [0x00000000d5980000,0x00000000d5c98000,0x00000000d5d00000)
  to   space 3584K, 0% used [0x00000000d5d00000,0x00000000d5d00000,0x00000000d6080000)
 ParOldGen       total 913920K, used 355074K [0x0000000080000000, 0x00000000b7c80000, 0x00000000d5580000)
  object space 913920K, 38% used [0x0000000080000000,0x0000000095ac09c8,0x00000000b7c80000)
 Metaspace       used 90607K, committed 92672K, reserved 1179648K
  class space    used 9988K, committed 10944K, reserved 1048576K
}
Event: 2631.111 GC heap before
{Heap before GC invocations=2333 (full 5):
 PSYoungGen      total 7680K, used 6660K [0x00000000d5580000, 0x00000000d6080000, 0x0000000100000000)
  eden space 4096K, 85% used [0x00000000d5580000,0x00000000d58e93c8,0x00000000d5980000)
  from space 3584K, 88% used [0x00000000d5980000,0x00000000d5c98000,0x00000000d5d00000)
  to   space 3584K, 0% used [0x00000000d5d00000,0x00000000d5d00000,0x00000000d6080000)
 ParOldGen       total 913920K, used 355074K [0x0000000080000000, 0x00000000b7c80000, 0x00000000d5580000)
  object space 913920K, 38% used [0x0000000080000000,0x0000000095ac09c8,0x00000000b7c80000)
 Metaspace       used 90607K, committed 92672K, reserved 1179648K
  class space    used 9988K, committed 10944K, reserved 1048576K
}
Event: 2631.127 GC heap after
{Heap after GC invocations=2333 (full 5):
 PSYoungGen      total 8192K, used 2836K [0x00000000d5580000, 0x00000000d6080000, 0x0000000100000000)
  eden space 4608K, 0% used [0x00000000d5580000,0x00000000d5580000,0x00000000d5a00000)
  from space 3584K, 79% used [0x00000000d5d00000,0x00000000d5fc5200,0x00000000d6080000)
  to   space 3072K, 0% used [0x00000000d5a00000,0x00000000d5a00000,0x00000000d5d00000)
 ParOldGen       total 913920K, used 358178K [0x0000000080000000, 0x00000000b7c80000, 0x00000000d5580000)
  object space 913920K, 39% used [0x0000000080000000,0x0000000095dc89c8,0x00000000b7c80000)
 Metaspace       used 90607K, committed 92672K, reserved 1179648K
  class space    used 9988K, committed 10944K, reserved 1048576K
}
Event: 2631.275 GC heap before
{Heap before GC invocations=2334 (full 5):
 PSYoungGen      total 8192K, used 7100K [0x00000000d5580000, 0x00000000d6080000, 0x0000000100000000)
  eden space 4608K, 92% used [0x00000000d5580000,0x00000000d59aa0a8,0x00000000d5a00000)
  from space 3584K, 79% used [0x00000000d5d00000,0x00000000d5fc5200,0x00000000d6080000)
  to   space 3072K, 0% used [0x00000000d5a00000,0x00000000d5a00000,0x00000000d5d00000)
 ParOldGen       total 913920K, used 358178K [0x0000000080000000, 0x00000000b7c80000, 0x00000000d5580000)
  object space 913920K, 39% used [0x0000000080000000,0x0000000095dc89c8,0x00000000b7c80000)
 Metaspace       used 90607K, committed 92672K, reserved 1179648K
  class space    used 9988K, committed 10944K, reserved 1048576K
}
Event: 2631.298 GC heap after
{Heap after GC invocations=2334 (full 5):
 PSYoungGen      total 7680K, used 3058K [0x00000000d5580000, 0x00000000d6900000, 0x0000000100000000)
  eden space 4608K, 0% used [0x00000000d5580000,0x00000000d5580000,0x00000000d5a00000)
  from space 3072K, 99% used [0x00000000d5a00000,0x00000000d5cfc800,0x00000000d5d00000)
  to   space 7168K, 0% used [0x00000000d6200000,0x00000000d6200000,0x00000000d6900000)
 ParOldGen       total 913920K, used 361386K [0x0000000080000000, 0x00000000b7c80000, 0x00000000d5580000)
  object space 913920K, 39% used [0x0000000080000000,0x00000000960ea9c8,0x00000000b7c80000)
 Metaspace       used 90607K, committed 92672K, reserved 1179648K
  class space    used 9988K, committed 10944K, reserved 1048576K
}
Event: 2632.937 GC heap before
{Heap before GC invocations=2335 (full 5):
 PSYoungGen      total 7680K, used 7666K [0x00000000d5580000, 0x00000000d6900000, 0x0000000100000000)
  eden space 4608K, 100% used [0x00000000d5580000,0x00000000d5a00000,0x00000000d5a00000)
  from space 3072K, 99% used [0x00000000d5a00000,0x00000000d5cfc800,0x00000000d5d00000)
  to   space 7168K, 0% used [0x00000000d6200000,0x00000000d6200000,0x00000000d6900000)
 ParOldGen       total 913920K, used 361386K [0x0000000080000000, 0x00000000b7c80000, 0x00000000d5580000)
  object space 913920K, 39% used [0x0000000080000000,0x00000000960ea9c8,0x00000000b7c80000)
 Metaspace       used 90607K, committed 92672K, reserved 1179648K
  class space    used 9988K, committed 10944K, reserved 1048576K
}
Event: 2632.964 GC heap after
{Heap after GC invocations=2335 (full 5):
 PSYoungGen      total 9216K, used 3497K [0x00000000d5580000, 0x00000000d6580000, 0x0000000100000000)
  eden space 5632K, 0% used [0x00000000d5580000,0x00000000d5580000,0x00000000d5b00000)
  from space 3584K, 97% used [0x00000000d6200000,0x00000000d656a400,0x00000000d6580000)
  to   space 4608K, 0% used [0x00000000d5c80000,0x00000000d5c80000,0x00000000d6100000)
 ParOldGen       total 913920K, used 363043K [0x0000000080000000, 0x00000000b7c80000, 0x00000000d5580000)
  object space 913920K, 39% used [0x0000000080000000,0x0000000096288dc8,0x00000000b7c80000)
 Metaspace       used 90607K, committed 92672K, reserved 1179648K
  class space    used 9988K, committed 10944K, reserved 1048576K
}
Event: 2633.356 GC heap before
{Heap before GC invocations=2336 (full 5):
 PSYoungGen      total 9216K, used 9129K [0x00000000d5580000, 0x00000000d6580000, 0x0000000100000000)
  eden space 5632K, 100% used [0x00000000d5580000,0x00000000d5b00000,0x00000000d5b00000)
  from space 3584K, 97% used [0x00000000d6200000,0x00000000d656a400,0x00000000d6580000)
  to   space 4608K, 0% used [0x00000000d5c80000,0x00000000d5c80000,0x00000000d6100000)
 ParOldGen       total 913920K, used 363043K [0x0000000080000000, 0x00000000b7c80000, 0x00000000d5580000)
  object space 913920K, 39% used [0x0000000080000000,0x0000000096288dc8,0x00000000b7c80000)
 Metaspace       used 90607K, committed 92672K, reserved 1179648K
  class space    used 9988K, committed 10944K, reserved 1048576K
}
Event: 2633.382 GC heap after
{Heap after GC invocations=2336 (full 5):
 PSYoungGen      total 11776K, used 4589K [0x00000000d5580000, 0x00000000d7080000, 0x0000000100000000)
  eden space 7168K, 0% used [0x00000000d5580000,0x00000000d5580000,0x00000000d5c80000)
  from space 4608K, 99% used [0x00000000d5c80000,0x00000000d60fb5b0,0x00000000d6100000)
  to   space 10240K, 0% used [0x00000000d6680000,0x00000000d6680000,0x00000000d7080000)
 ParOldGen       total 913920K, used 367500K [0x0000000080000000, 0x00000000b7c80000, 0x00000000d5580000)
  object space 913920K, 40% used [0x0000000080000000,0x00000000966e31c8,0x00000000b7c80000)
 Metaspace       used 90607K, committed 92672K, reserved 1179648K
  class space    used 9988K, committed 10944K, reserved 1048576K
}
Event: 2633.832 GC heap before
{Heap before GC invocations=2337 (full 5):
 PSYoungGen      total 11776K, used 11757K [0x00000000d5580000, 0x00000000d7080000, 0x0000000100000000)
  eden space 7168K, 100% used [0x00000000d5580000,0x00000000d5c80000,0x00000000d5c80000)
  from space 4608K, 99% used [0x00000000d5c80000,0x00000000d60fb5b0,0x00000000d6100000)
  to   space 10240K, 0% used [0x00000000d6680000,0x00000000d6680000,0x00000000d7080000)
 ParOldGen       total 913920K, used 367500K [0x0000000080000000, 0x00000000b7c80000, 0x00000000d5580000)
  object space 913920K, 40% used [0x0000000080000000,0x00000000966e31c8,0x00000000b7c80000)
 Metaspace       used 90607K, committed 92672K, reserved 1179648K
  class space    used 9988K, committed 10944K, reserved 1048576K
}
Event: 2633.858 GC heap after
{Heap after GC invocations=2337 (full 5):
 PSYoungGen      total 14848K, used 7296K [0x00000000d5580000, 0x00000000d6e00000, 0x0000000100000000)
  eden space 7168K, 0% used [0x00000000d5580000,0x00000000d5580000,0x00000000d5c80000)
  from space 7680K, 95% used [0x00000000d6680000,0x00000000d6da0000,0x00000000d6e00000)
  to   space 8192K, 0% used [0x00000000d5e00000,0x00000000d5e00000,0x00000000d6600000)
 ParOldGen       total 913920K, used 372161K [0x0000000080000000, 0x00000000b7c80000, 0x00000000d5580000)
  object space 913920K, 40% used [0x0000000080000000,0x0000000096b70778,0x00000000b7c80000)
 Metaspace       used 90607K, committed 92672K, reserved 1179648K
  class space    used 9988K, committed 10944K, reserved 1048576K
}
Event: 2634.173 GC heap before
{Heap before GC invocations=2338 (full 5):
 PSYoungGen      total 14848K, used 14464K [0x00000000d5580000, 0x00000000d6e00000, 0x0000000100000000)
  eden space 7168K, 100% used [0x00000000d5580000,0x00000000d5c80000,0x00000000d5c80000)
  from space 7680K, 95% used [0x00000000d6680000,0x00000000d6da0000,0x00000000d6e00000)
  to   space 8192K, 0% used [0x00000000d5e00000,0x00000000d5e00000,0x00000000d6600000)
 ParOldGen       total 913920K, used 372161K [0x0000000080000000, 0x00000000b7c80000, 0x00000000d5580000)
  object space 913920K, 40% used [0x0000000080000000,0x0000000096b70778,0x00000000b7c80000)
 Metaspace       used 90607K, committed 92672K, reserved 1179648K
  class space    used 9988K, committed 10944K, reserved 1048576K
}
Event: 2634.208 GC heap after
{Heap after GC invocations=2338 (full 5):
 PSYoungGen      total 14848K, used 7264K [0x00000000d5580000, 0x00000000d6b80000, 0x0000000100000000)
  eden space 7168K, 0% used [0x00000000d5580000,0x00000000d5580000,0x00000000d5c80000)
  from space 7680K, 94% used [0x00000000d5e00000,0x00000000d6518000,0x00000000d6580000)
  to   space 6144K, 0% used [0x00000000d6580000,0x00000000d6580000,0x00000000d6b80000)
 ParOldGen       total 913920K, used 379417K [0x0000000080000000, 0x00000000b7c80000, 0x00000000d5580000)
  object space 913920K, 41% used [0x0000000080000000,0x0000000097286778,0x00000000b7c80000)
 Metaspace       used 90607K, committed 92672K, reserved 1179648K
  class space    used 9988K, committed 10944K, reserved 1048576K
}
Event: 2636.214 GC heap before
{Heap before GC invocations=2339 (full 5):
 PSYoungGen      total 14848K, used 13890K [0x00000000d5580000, 0x00000000d6b80000, 0x0000000100000000)
  eden space 7168K, 92% used [0x00000000d5580000,0x00000000d5bf8ad8,0x00000000d5c80000)
  from space 7680K, 94% used [0x00000000d5e00000,0x00000000d6518000,0x00000000d6580000)
  to   space 6144K, 0% used [0x00000000d6580000,0x00000000d6580000,0x00000000d6b80000)
 ParOldGen       total 913920K, used 379417K [0x0000000080000000, 0x00000000b7c80000, 0x00000000d5580000)
  object space 913920K, 41% used [0x0000000080000000,0x0000000097286778,0x00000000b7c80000)
 Metaspace       used 90607K, committed 92672K, reserved 1179648K
  class space    used 9988K, committed 10944K, reserved 1048576K
}
Event: 2636.252 GC heap after
{Heap after GC invocations=2339 (full 5):
 PSYoungGen      total 12288K, used 4976K [0x00000000d5580000, 0x00000000d6a80000, 0x0000000100000000)
  eden space 7168K, 0% used [0x00000000d5580000,0x00000000d5580000,0x00000000d5c80000)
  from space 5120K, 97% used [0x00000000d6580000,0x00000000d6a5c000,0x00000000d6a80000)
  to   space 6144K, 0% used [0x00000000d5e80000,0x00000000d5e80000,0x00000000d6480000)
 ParOldGen       total 913920K, used 386681K [0x0000000080000000, 0x00000000b7c80000, 0x00000000d5580000)
  object space 913920K, 42% used [0x0000000080000000,0x000000009799e778,0x00000000b7c80000)
 Metaspace       used 90607K, committed 92672K, reserved 1179648K
  class space    used 9988K, committed 10944K, reserved 1048576K
}
Event: 2637.441 GC heap before
{Heap before GC invocations=2340 (full 5):
 PSYoungGen      total 12288K, used 12144K [0x00000000d5580000, 0x00000000d6a80000, 0x0000000100000000)
  eden space 7168K, 100% used [0x00000000d5580000,0x00000000d5c80000,0x00000000d5c80000)
  from space 5120K, 97% used [0x00000000d6580000,0x00000000d6a5c000,0x00000000d6a80000)
  to   space 6144K, 0% used [0x00000000d5e80000,0x00000000d5e80000,0x00000000d6480000)
 ParOldGen       total 913920K, used 386681K [0x0000000080000000, 0x00000000b7c80000, 0x00000000d5580000)
  object space 913920K, 42% used [0x0000000080000000,0x000000009799e778,0x00000000b7c80000)
 Metaspace       used 90607K, committed 92672K, reserved 1179648K
  class space    used 9988K, committed 10944K, reserved 1048576K
}
Event: 2637.479 GC heap after
{Heap after GC invocations=2340 (full 5):
 PSYoungGen      total 12288K, used 4928K [0x00000000d5580000, 0x00000000d6680000, 0x0000000100000000)
  eden space 7168K, 0% used [0x00000000d5580000,0x00000000d5580000,0x00000000d5c80000)
  from space 5120K, 96% used [0x00000000d5e80000,0x00000000d6350000,0x00000000d6380000)
  to   space 3072K, 0% used [0x00000000d6380000,0x00000000d6380000,0x00000000d6680000)
 ParOldGen       total 913920K, used 390849K [0x0000000080000000, 0x00000000b7c80000, 0x00000000d5580000)
  object space 913920K, 42% used [0x0000000080000000,0x0000000097db0778,0x00000000b7c80000)
 Metaspace       used 90607K, committed 92672K, reserved 1179648K
  class space    used 9988K, committed 10944K, reserved 1048576K
}
Event: 2660.806 GC heap before
{Heap before GC invocations=2341 (full 5):
 PSYoungGen      total 12288K, used 12096K [0x00000000d5580000, 0x00000000d6680000, 0x0000000100000000)
  eden space 7168K, 100% used [0x00000000d5580000,0x00000000d5c80000,0x00000000d5c80000)
  from space 5120K, 96% used [0x00000000d5e80000,0x00000000d6350000,0x00000000d6380000)
  to   space 3072K, 0% used [0x00000000d6380000,0x00000000d6380000,0x00000000d6680000)
 ParOldGen       total 913920K, used 390849K [0x0000000080000000, 0x00000000b7c80000, 0x00000000d5580000)
  object space 913920K, 42% used [0x0000000080000000,0x0000000097db0778,0x00000000b7c80000)
 Metaspace       used 90610K, committed 92672K, reserved 1179648K
  class space    used 9988K, committed 10944K, reserved 1048576K
}
Event: 2660.850 GC heap after
{Heap after GC invocations=2341 (full 5):
 PSYoungGen      total 7680K, used 479K [0x00000000d5580000, 0x00000000d6400000, 0x0000000100000000)
  eden space 7168K, 0% used [0x00000000d5580000,0x00000000d5580000,0x00000000d5c80000)
  from space 512K, 93% used [0x00000000d6380000,0x00000000d63f7c10,0x00000000d6400000)
  to   space 2560K, 0% used [0x00000000d5f00000,0x00000000d5f00000,0x00000000d6180000)
 ParOldGen       total 913920K, used 395721K [0x0000000080000000, 0x00000000b7c80000, 0x00000000d5580000)
  object space 913920K, 43% used [0x0000000080000000,0x0000000098272778,0x00000000b7c80000)
 Metaspace       used 90610K, committed 92672K, reserved 1179648K
  class space    used 9988K, committed 10944K, reserved 1048576K
}

